  Lab6.cpp
c:\users\rob\documents\cs260 data structures\260-datastructures\lab 6 - hash table\lab6\lab6\chainhash.h(175): warning C4018: '<': signed/unsigned mismatch
  c:\users\rob\documents\cs260 data structures\260-datastructures\lab 6 - hash table\lab6\lab6\chainhash.h(169): note: while compiling class template member function 'int ChainHashTable<std::string>::index(T)'
          with
          [
              T=std::string
          ]
  c:\users\rob\documents\cs260 data structures\260-datastructures\lab 6 - hash table\lab6\lab6\chainhash.h(152): note: see reference to function template instantiation 'int ChainHashTable<std::string>::index(T)' being compiled
          with
          [
              T=std::string
          ]
  c:\users\rob\documents\cs260 data structures\260-datastructures\lab 6 - hash table\lab6\lab6\lab6.cpp(86): note: see reference to class template instantiation 'ChainHashTable<std::string>' being compiled
c:\users\rob\documents\cs260 data structures\260-datastructures\lab 6 - hash table\lab6\lab6\chainhash.h(177): warning C4244: '+=': conversion from 'double' to 'int', possible loss of data
c:\users\rob\documents\cs260 data structures\260-datastructures\lab 6 - hash table\lab6\lab6\openhash.h(117): warning C4018: '<': signed/unsigned mismatch
  c:\users\rob\documents\cs260 data structures\260-datastructures\lab 6 - hash table\lab6\lab6\openhash.h(111): note: while compiling class template member function 'int OpenHash<int>::hashValue(T,int)'
          with
          [
              T=int
          ]
  c:\users\rob\documents\cs260 data structures\260-datastructures\lab 6 - hash table\lab6\lab6\openhash.h(75): note: see reference to function template instantiation 'int OpenHash<int>::hashValue(T,int)' being compiled
          with
          [
              T=int
          ]
  c:\users\rob\documents\cs260 data structures\260-datastructures\lab 6 - hash table\lab6\lab6\lab6.cpp(43): note: see reference to class template instantiation 'OpenHash<int>' being compiled
c:\users\rob\documents\cs260 data structures\260-datastructures\lab 6 - hash table\lab6\lab6\openhash.h(119): warning C4244: '+=': conversion from 'double' to 'int', possible loss of data
  OpenHash.cpp
c:\users\rob\documents\cs260 data structures\260-datastructures\lab 6 - hash table\lab6\lab6\openhash.cpp(6): warning C4067: unexpected tokens following preprocessor directive - expected a newline
  Generating Code...
  Lab6.vcxproj -> C:\Users\Rob\Documents\CS260 Data Structures\260-DataStructures\Lab 6 - Hash Table\Lab6\Debug\Lab6.exe
